<?xml version="1.0" encoding="UTF-8"?>
<!-- Generated by org.testng.reporters.JUnitReportReporter -->
<testsuite hostname="LAPTOP-L326B3C6" failures="0" tests="8" name="Tests.LoginTexts" time="60.549" errors="0" timestamp="2024-07-19T15:49:33 IST" skipped="7">
  <testcase classname="Tests.LoginTexts" name="EmployeeList" time="60.549"/>
  <system-out/>
  <testcase classname="Tests.LoginTexts" name="fileUploadTest">
    <skipped/>
  </testcase> <!-- fileUploadTest -->
  <system-out/>
  <testcase classname="Tests.LoginTexts" name="searchEmployeeByName">
    <skipped/>
  </testcase> <!-- searchEmployeeByName -->
  <system-out/>
  <testcase classname="Tests.LoginTexts" name="loginTestWithInvalidCredentials">
    <skipped/>
  </testcase> <!-- loginTestWithInvalidCredentials -->
  <system-out/>
  <testcase classname="Tests.LoginTexts" name="searchEmployeeById">
    <skipped/>
  </testcase> <!-- searchEmployeeById -->
  <system-out/>
  <testcase classname="Tests.LoginTexts" name="imageUploadTest">
    <skipped/>
  </testcase> <!-- imageUploadTest -->
  <system-out/>
  <testcase classname="Tests.LoginTexts" name="DeleteEmployeeInfo">
    <skipped/>
  </testcase> <!-- DeleteEmployeeInfo -->
  <system-out/>
  <testcase classname="Tests.LoginTexts" name="addEmployee">
    <skipped/>
  </testcase> <!-- addEmployee -->
  <system-out/>
</testsuite> <!-- Tests.LoginTexts -->
